<?xml version="1.0" encoding="UTF-8"?>
<!-- Generated by org.testng.reporters.JUnitReportReporter -->
<testsuite skipped="0" hostname="ketan-Inspiron-3521" name="appium.android.parallel.testcases.AndroidAppTest" tests="1" failures="0" timestamp="19 Sep 2018 06:24:01 GMT" time="16.846" errors="0">
  <testcase name="testApp" time="16.846" classname="appium.android.parallel.testcases.AndroidAppTest"/>
</testsuite> <!-- appium.android.parallel.testcases.AndroidAppTest -->
