<?xml version="1.0" encoding="UTF-8"?>
<!-- Generated by org.testng.reporters.JUnitReportReporter -->
<testsuite skipped="0" hostname="ketan-Inspiron-3521" name="appium.android.parallel.testcases.AndroidAppTest" tests="1" failures="0" timestamp="19 Sep 2018 09:53:35 GMT" time="26.891" errors="0">
  <testcase name="testApp" time="26.891" classname="appium.android.parallel.testcases.AndroidAppTest"/>
</testsuite> <!-- appium.android.parallel.testcases.AndroidAppTest -->
