<?xml version="1.0" encoding="UTF-8"?>
<!-- Generated by org.testng.reporters.JUnitReportReporter -->
<testsuite skipped="0" hostname="ketan-Inspiron-3521" name="appium.android.parallel.testcases.AndroidAppTest" tests="1" failures="0" timestamp="15 Aug 2018 07:10:01 GMT" time="0.264" errors="0">
  <testcase name="searchForAppiumConf" time="0.264" classname="appium.android.parallel.testcases.AndroidAppTest"/>
</testsuite> <!-- appium.android.parallel.testcases.AndroidAppTest -->
